dial tcp!localhost!9999
session[24fd8]: new tcp!localhost!9999
rproc[24fd8]: started
wproc[24fd8]: started
cmuxproc[4b738]: starting
cmuxproc[4b738]: new ch0 0x4e720
chwproc[4e720]: started
-ch0-> Tversion  msize 8192 version 'ix'
|ch0-> Tattach  afid -1 uname nemo aname main
chwproc[4e720]: exiting
<-ch0- Rversion  msize 8190 version 'ix'
msize 8190
cmuxproc[4b738]:2: del ch0
<-ch0| Rattach  fid 0 qid (0000000000000054 692693930 d)
cmuxproc[4b738]: new ch0 0x517d0
chwproc[517d0]: started
-ch0-> Tfid  fid 0 cflags 0
-ch0-> Tclone  cflags 3
-ch0-> Tcreate name adump perm %M% mode 384
<-ch0- Rfid
<-ch0- Rclone  newfid 1
<-ch0- Rcreate qid (00000000026b920f 0 ) iounit 0 
-ch0-> Twrite offset 0 count 8177 '00000000 00000000 00000000 00000000 00000000 00000000 00000000 00000000 00000000 00000000 00000000 00000000 00000000 00000000 00000000 00000000'
-ch0-> Twrite offset 8177 count 8177 '00000000 00000000 00000000 00000000 00000000 00000000 00000000 00000000 00000000 00000000 00000000 00000000 00000000 00000000 00000000 00000000'
-ch0-> Twrite offset 16354 count 8177 '00000000 00000000 00000000 00000000 00000000 00000000 00000000 00000000 00000000 00000000 00000000 00000000 00000000 00000000 00000000 00000000'
-ch0-> Twrite offset 24531 count 8177 '00000000 00000000 00000000 00000000 00000000 00000000 00000000 00000000 00000000 00000000 00000000 00000000 00000000 00000000 00000000 00000000'
-ch0-> Twrite offset 32708 count 978 '00000000 00000000 00000000 00000000 00000000 00000000 00000000 00000000 00000000 00000000 00000000 00000000 00000000 00000000 00000000 0b000080'
closech ch0
chwproc[517d0]: ch0: nil msg
<-ch0- Rwrite count 8177
<-ch0- Rwrite count 8177
<-ch0- Rwrite count 8177
<-ch0- Rwrite count 8177
<-ch0- Rwrite count 978
cmuxproc[4b738]:1: del ch0
closemux 4b738
chwproc[517d0]: exiting
abortconn[24fd8]: hanging up
wproc[24fd8]: exiting
cmuxproc[4b738]: done
rproc[24fd8]: exiting
