announce tcp!*!9999
session[2aa50]: new tcp!*!9999
fssrvproc: 2cbe8 tcp!*!9999
fsrpc[2aa50!0]: new chan tcp!*!9999
<-ch0- Tversion  msize 8192 version 'ix'
-ch0-> Rversion  msize 8190 version 'ix'
<-ch0| Tattach  afid -1 uname nemo aname main
|ch0-> Rattach  fid 0 qid (0000000000000054 692693930 d)
fsrpc[2aa50!0]: done
cmuxproc[537e8]:1: del ch0
fsrpc[2aa50!0]: new chan tcp!*!9999
<-ch0- Tfid  fid 0 cflags 0
-ch0-> Rfid
<-ch0- Tclone  cflags 3
-ch0-> Rclone  newfid 1
<-ch0- Twalk wname acme.dump
-ch0-> Rwalk wqid (0000000000efd4d2 100 )
<-ch0- Tstat
-ch0-> Rstat   stat 'acme.dump' 'nemo' 'nemo' 'nemo' q (0000000000efd4d2 100 ) m 0600 at 1313355326 mt 1310326405 l 33686 t 77 d 13
<-ch0- Topen mode 0
-ch0-> Ropen qid (0000000000efd4d2 100 ) iounit 0 
<-ch0| Tread nmsg -1 offset 0 count 8190
-ch0-> Rread count 8185 '/usr/nemo /lib/font/bit/inferno/charon/plain.normal.font /lib/fo'
-ch0-> Rread count 8185 ' rm -f *.[5687qv] *.a[5687qv] y.tab.? lex.yy.c y.debug y.output '
-ch0-> Rread count 8185 '57.6 tcp.6 ioapic.6 devsrv.6 ipaux.6 devenv.6 devdup.6 devpipe.6'
-ch0-> Rread count 8185 ' $names 6c -FTVw -I. -D'_DBGC_=''p''' ../port/page.c r - printst'
-ch0-> Rread count 946 ' ethermii.6 etherigbe.6 devproc.6 devkprof.6 netlog.6 nullmedium'
|ch0-> Rread count 0 ''
cmuxproc[537e8]:1: del ch0
fsrpc[2aa50!0]: done
cmuxproc[537e8]: eof
closemux 537e8
abortconn[2aa50]: hanging up
fssrvproc[2cbe8]: done
cmuxproc[537e8]: done
session[2aaf0]: new tcp!*!9999
fssrvproc: 2cb48 tcp!*!9999
fsrpc[2aaf0!0]: new chan tcp!*!9999
<-ch0- Tversion  msize 8192 version 'ix'
-ch0-> Rversion  msize 8190 version 'ix'
<-ch0| Tattach  afid -1 uname nemo aname main
|ch0-> Rattach  fid 0 qid (0000000000000054 692693930 d)
fsrpc[2aaf0!0]: done
cmuxproc[5b130]:1: del ch0
fsrpc[2aaf0!0]: new chan tcp!*!9999
<-ch0- Tfid  fid 0 cflags 0
-ch0-> Rfid
<-ch0- Tclone  cflags 3
-ch0-> Rclone  newfid 1
<-ch0- Tcreate name adump perm --rw------- mode 1
-ch0-> Rcreate qid (00000000026b920f 0 ) iounit 0 
<-ch0- Twrite offset 0 count 8177 '/usr/nemo /lib/font/bit/inferno/charon/plain.normal.font /lib/fo'
-ch0-> Rwrite count 8177
<-ch0- Twrite offset 8177 count 8177 'EANFILES rm -f *.[5687qv] *.a[5687qv] y.tab.? lex.yy.c y.debug y'
-ch0-> Rwrite count 8177
<-ch0- Twrite offset 16354 count 8177 'edium.6 ether82557.6 tcp.6 ioapic.6 devsrv.6 ipaux.6 devenv.6 de'
-ch0-> Rwrite count 8177
<-ch0- Twrite offset 24531 count 8177 'oot/libboot.a6 $names rm $names 6c -FTVw -I. -D'_DBGC_=''p''' ..'
-ch0-> Rwrite count 8177
<-ch0- Twrite offset 32708 count 978 '6 ether82563.6 devip.6 devuart.6 ethermii.6 etherigbe.6 devproc.'
-ch0-> Rwrite count 978
ch0: eof
fsrpc[2aaf0!0]: done
cmuxproc[5b130]:1: del ch0
cmuxproc[5b130]: eof
closemux 5b130
abortconn[2aaf0]: hanging up
cmuxproc[5b130]: done
fssrvproc[2cb48]: done
